2025-11-11 21:32:58,849 - INFO - example.com: истекает 15.01.2026 23:59:59, осталось 65 дней
2025-11-11 21:32:59,538 - INFO - google.com: истекает 05.01.2026 08:37:32, осталось 54 дней
2025-11-11 21:49:16,684 - INFO - Telegram token успешно проверен.
2025-11-11 21:49:17,483 - INFO - example.com: истекает 15.01.2026 23:59:59 (UTC), осталось 65 дней
2025-11-11 21:49:18,803 - INFO - Уведомление отправлено для example.com
2025-11-11 21:49:19,572 - INFO - google.com: истекает 05.01.2026 08:37:32 (UTC), осталось 54 дней
2025-11-11 21:49:20,916 - INFO - Уведомление отправлено для google.com
2025-11-11 22:12:49,075 - INFO - Telegram token успешно проверен.
2025-11-11 22:12:49,075 - INFO - Telegram token успешно проверен.
2025-11-11 22:12:50,539 - INFO - example.com: истекает 15.01.2026 23:59:59 (UTC), осталось 65 дней
2025-11-11 22:12:51,194 - INFO - google.com: истекает 05.01.2026 08:37:32 (UTC), осталось 54 дней
2025-11-11 22:13:18,639 - INFO - Telegram token успешно проверен.
2025-11-11 22:13:19,466 - INFO - example.com: истекает 15.01.2026 23:59:59 (UTC), осталось 65 дней
2025-11-11 22:13:20,078 - INFO - google.com: истекает 05.01.2026 08:37:32 (UTC), осталось 54 дней
2025-11-11 22:25:45,285 - ERROR - Ошибка при проверке токена Telegram: HTTPSConnectionPool(host='api.telegram.org', port=443): Read timed out. (read timeout=5)
2025-11-11 22:25:47,746 - INFO - example.com: истекает 15.01.2026 23:59:59 (UTC), осталось 65 дней
2025-11-11 22:25:47,746 - ERROR - Телеграм токен невалиден — сообщение не отправлено.
2025-11-11 22:25:49,112 - INFO - google.com: истекает 19.01.2026 08:33:50 (UTC), осталось 68 дней
2025-11-11 22:25:49,112 - ERROR - Телеграм токен невалиден — сообщение не отправлено.
2025-11-11 22:27:02,724 - INFO - Telegram token успешно проверен.
2025-11-11 22:27:05,779 - INFO - example.com: истекает 15.01.2026 23:59:59 (UTC), осталось 65 дней
2025-11-11 22:27:08,510 - INFO - Уведомление отправлено для example.com
2025-11-11 22:27:08,989 - INFO - google.com: истекает 19.01.2026 08:33:50 (UTC), осталось 68 дней
2025-11-11 22:27:10,499 - INFO - Уведомление отправлено для google.com
2025-11-11 22:33:37,177 - INFO - Telegram token успешно проверен.
2025-11-11 22:33:38,044 - INFO - example.com: истекает 15.01.2026 23:59:59 (UTC), осталось 65 дней
2025-11-11 22:33:38,643 - INFO - google.com: истекает 05.01.2026 08:37:32 (UTC), осталось 54 дней
2025-11-11 22:34:05,006 - ERROR - Ошибка при проверке токена Telegram: HTTPSConnectionPool(host='api.telegram.org', port=443): Max retries exceeded with url: /bot8481203149:AAE4TmpdUeN60zE8Bu8dMVV3mZ6bEBHJZjE/getMe (Caused by ConnectTimeoutError(<urllib3.connection.HTTPSConnection object at 0x000001C102312270>, 'Connection to api.telegram.org timed out. (connect timeout=5)'))
2025-11-11 22:34:53,107 - ERROR - Ошибка при получении сертификата example.com: timed out
2025-11-11 22:35:01,138 - ERROR - Ошибка при получении сертификата google.com: timed out
2025-11-11 22:38:08,485 - INFO - Telegram token успешно проверен.
2025-11-11 22:38:09,534 - INFO - example.com: истекает 15.01.2026 23:59:59 (UTC), осталось 65 дней
2025-11-11 22:38:11,276 - INFO - Уведомление отправлено для example.com
2025-11-11 22:38:11,911 - INFO - google.com: истекает 05.01.2026 08:37:32 (UTC), осталось 54 дней
2025-11-11 22:38:13,539 - INFO - Уведомление отправлено для google.com
